2015-01-22 00:17:50.386+0000 INFO  [API] Setting startup timeout to: 120000ms based on 120000
2015-01-22 00:17:51.557+0000 INFO  [API] Successfully started database
2015-01-22 00:17:51.621+0000 INFO  [API] Starting HTTP on port :7474 with 4 threads available
2015-01-22 00:17:51.763+0000 INFO  [API] Enabling HTTPS on port :7473
2015-01-22 00:17:51.763+0000 INFO  [API] No SSL certificate found, generating a self-signed certificate..
01:17:52.021 [main] INFO  org.eclipse.jetty.util.log - Logging initialized @2359ms
2015-01-22 00:17:52.064+0000 INFO  [API] Mounting static content at [/webadmin] from [webadmin-html]
2015-01-22 00:17:52.099+0000 INFO  [API] Mounting static content at [/browser] from [browser]
01:17:52.101 [main] INFO  org.eclipse.jetty.server.Server - jetty-9.2.1.v20140609
01:17:52.118 [main] INFO  o.e.j.server.handler.ContextHandler - Started o.e.j.s.h.MovedContextHandler@8d40863{/,null,AVAILABLE}
01:17:52.197 [main] INFO  o.e.j.w.StandardDescriptorProcessor - NO JSP Support for /webadmin, did not find org.apache.jasper.servlet.JspServlet
01:17:52.209 [main] INFO  o.e.j.server.handler.ContextHandler - Started o.e.j.w.WebAppContext@52e50599{/webadmin,jar:file:/Users/Sergio/GitHub/Ballin/api/db/neo4j/development/system/lib/neo4j-server-2.2.0-M02-static-web.jar!/webadmin-html,AVAILABLE}
01:17:52.584 [main] INFO  o.e.j.server.handler.ContextHandler - Started o.e.j.s.ServletContextHandler@7fb505bb{/db/manage,null,AVAILABLE}
01:17:52.827 [main] INFO  o.e.j.server.handler.ContextHandler - Started o.e.j.s.ServletContextHandler@2302a0df{/db/data,null,AVAILABLE}
01:17:52.847 [main] INFO  o.e.j.w.StandardDescriptorProcessor - NO JSP Support for /browser, did not find org.apache.jasper.servlet.JspServlet
01:17:52.848 [main] INFO  o.e.j.server.handler.ContextHandler - Started o.e.j.w.WebAppContext@50b622bb{/browser,jar:file:/Users/Sergio/GitHub/Ballin/api/db/neo4j/development/system/lib/neo4j-browser-2.2.0-M02.jar!/browser,AVAILABLE}
01:17:52.948 [main] INFO  o.e.j.server.handler.ContextHandler - Started o.e.j.s.ServletContextHandler@73d81b43{/,null,AVAILABLE}
01:17:52.959 [main] INFO  o.e.jetty.server.ServerConnector - Started ServerConnector@14976248{HTTP/1.1}{localhost:7474}
01:17:53.300 [main] INFO  o.e.jetty.server.ServerConnector - Started ServerConnector@3efd899a{SSL-HTTP/1.1}{localhost:7473}
01:17:53.300 [main] INFO  org.eclipse.jetty.server.Server - Started @3644ms
2015-01-22 00:17:53.300+0000 INFO  [API] Server started on: http://localhost:7474/
2015-01-22 00:17:53.300+0000 INFO  [API] Remote interface ready and available at [http://localhost:7474/]
2015-01-22 01:27:23.333+0000 INFO  [API] Neo4j Server shutdown initiated by request
02:27:23.348 [Thread-13] INFO  o.e.jetty.server.ServerConnector - Stopped ServerConnector@14976248{HTTP/1.1}{localhost:7474}
02:27:23.348 [Thread-13] INFO  o.e.jetty.server.ServerConnector - Stopped ServerConnector@3efd899a{SSL-HTTP/1.1}{localhost:7473}
02:27:23.349 [Thread-13] INFO  o.e.j.server.handler.ContextHandler - Stopped o.e.j.s.ServletContextHandler@73d81b43{/,null,UNAVAILABLE}
02:27:23.350 [Thread-13] INFO  o.e.j.server.handler.ContextHandler - Stopped o.e.j.w.WebAppContext@50b622bb{/browser,jar:file:/Users/Sergio/GitHub/Ballin/api/db/neo4j/development/system/lib/neo4j-browser-2.2.0-M02.jar!/browser,UNAVAILABLE}
02:27:23.351 [Thread-13] INFO  o.e.j.server.handler.ContextHandler - Stopped o.e.j.s.ServletContextHandler@2302a0df{/db/data,null,UNAVAILABLE}
02:27:23.351 [Thread-13] INFO  o.e.j.server.handler.ContextHandler - Stopped o.e.j.s.ServletContextHandler@7fb505bb{/db/manage,null,UNAVAILABLE}
02:27:23.352 [Thread-13] INFO  o.e.j.server.handler.ContextHandler - Stopped o.e.j.w.WebAppContext@52e50599{/webadmin,jar:file:/Users/Sergio/GitHub/Ballin/api/db/neo4j/development/system/lib/neo4j-server-2.2.0-M02-static-web.jar!/webadmin-html,UNAVAILABLE}
02:27:23.352 [Thread-13] INFO  o.e.j.server.handler.ContextHandler - Stopped o.e.j.s.h.MovedContextHandler@8d40863{/,null,UNAVAILABLE}
2015-01-22 01:27:23.358+0000 INFO  [API] Successfully shutdown Neo4j Server.
2015-01-22 01:27:23.406+0000 INFO  [API] Successfully stopped database
2015-01-22 01:27:23.406+0000 INFO  [API] Successfully shutdown database.
2015-01-22 11:10:17.704+0000 INFO  [API] Setting startup timeout to: 120000ms based on 120000
2015-01-22 11:10:19.607+0000 INFO  [API] Successfully started database
2015-01-22 11:10:19.692+0000 INFO  [API] Starting HTTP on port :7474 with 4 threads available
2015-01-22 11:10:19.904+0000 INFO  [API] Enabling HTTPS on port :7473
12:10:20.066 [main] INFO  org.eclipse.jetty.util.log - Logging initialized @4348ms
2015-01-22 11:10:20.130+0000 INFO  [API] Mounting static content at [/webadmin] from [webadmin-html]
2015-01-22 11:10:20.178+0000 INFO  [API] Mounting static content at [/browser] from [browser]
12:10:20.181 [main] INFO  org.eclipse.jetty.server.Server - jetty-9.2.1.v20140609
12:10:20.203 [main] INFO  o.e.j.server.handler.ContextHandler - Started o.e.j.s.h.MovedContextHandler@7ccb552e{/,null,AVAILABLE}
12:10:20.287 [main] INFO  o.e.j.w.StandardDescriptorProcessor - NO JSP Support for /webadmin, did not find org.apache.jasper.servlet.JspServlet
12:10:20.301 [main] INFO  o.e.j.server.handler.ContextHandler - Started o.e.j.w.WebAppContext@4f4e2890{/webadmin,jar:file:/Users/Sergio/GitHub/Ballin/api/db/neo4j/development/system/lib/neo4j-server-2.2.0-M02-static-web.jar!/webadmin-html,AVAILABLE}
12:10:20.808 [main] INFO  o.e.j.server.handler.ContextHandler - Started o.e.j.s.ServletContextHandler@7005b967{/db/manage,null,AVAILABLE}
12:10:21.043 [main] INFO  o.e.j.server.handler.ContextHandler - Started o.e.j.s.ServletContextHandler@14f7f1ea{/db/data,null,AVAILABLE}
12:10:21.060 [main] INFO  o.e.j.w.StandardDescriptorProcessor - NO JSP Support for /browser, did not find org.apache.jasper.servlet.JspServlet
12:10:21.061 [main] INFO  o.e.j.server.handler.ContextHandler - Started o.e.j.w.WebAppContext@6ff271dc{/browser,jar:file:/Users/Sergio/GitHub/Ballin/api/db/neo4j/development/system/lib/neo4j-browser-2.2.0-M02.jar!/browser,AVAILABLE}
12:10:21.159 [main] INFO  o.e.j.server.handler.ContextHandler - Started o.e.j.s.ServletContextHandler@ad672d2{/,null,AVAILABLE}
12:10:21.180 [main] INFO  o.e.jetty.server.ServerConnector - Started ServerConnector@3f3c80e5{HTTP/1.1}{localhost:7474}
12:10:21.596 [main] INFO  o.e.jetty.server.ServerConnector - Started ServerConnector@4da19f89{SSL-HTTP/1.1}{localhost:7473}
12:10:21.597 [main] INFO  org.eclipse.jetty.server.Server - Started @5884ms
2015-01-22 11:10:21.597+0000 INFO  [API] Server started on: http://localhost:7474/
2015-01-22 11:10:21.597+0000 INFO  [API] Remote interface ready and available at [http://localhost:7474/]
